kotlin version: 2.0.0
error message: org.jetbrains.kotlin.backend.common.BackendException: Backend Internal error: Exception during IR lowering
File being compiled: D:/Note/presentation/src/main/java/com/example/presentation/presentation/MainActivity.kt
The root cause java.lang.RuntimeException was thrown at: org.jetbrains.kotlin.backend.jvm.codegen.FunctionCodegen.generate(FunctionCodegen.kt:50)
	at org.jetbrains.kotlin.backend.common.CodegenUtil.reportBackendException(CodegenUtil.kt:253)
	at org.jetbrains.kotlin.backend.common.CodegenUtil.reportBackendException$default(CodegenUtil.kt:236)
	at org.jetbrains.kotlin.backend.common.phaser.PerformByIrFilePhase.invokeSequential(performByIrFile.kt:65)
	at org.jetbrains.kotlin.backend.common.phaser.PerformByIrFilePhase.invoke(performByIrFile.kt:52)
	at org.jetbrains.kotlin.backend.common.phaser.PerformByIrFilePhase.invoke(performByIrFile.kt:38)
	at org.jetbrains.kotlin.backend.common.phaser.NamedCompilerPhase.phaseBody(CompilerPhase.kt:166)
	at org.jetbrains.kotlin.backend.common.phaser.AbstractNamedCompilerPhase.invoke(CompilerPhase.kt:113)
	at org.jetbrains.kotlin.backend.common.phaser.CompositePhase.invoke(PhaseBuilders.kt:29)
	at org.jetbrains.kotlin.backend.common.phaser.CompositePhase.invoke(PhaseBuilders.kt:16)
	at org.jetbrains.kotlin.backend.common.phaser.NamedCompilerPhase.phaseBody(CompilerPhase.kt:166)
	at org.jetbrains.kotlin.backend.common.phaser.AbstractNamedCompilerPhase.invoke(CompilerPhase.kt:113)
	at org.jetbrains.kotlin.backend.common.phaser.CompilerPhaseKt.invokeToplevel(CompilerPhase.kt:62)
	at org.jetbrains.kotlin.backend.jvm.JvmIrCodegenFactory.invokeCodegen(JvmIrCodegenFactory.kt:371)
	at org.jetbrains.kotlin.codegen.CodegenFactory.generateModule(CodegenFactory.kt:47)
	at org.jetbrains.kotlin.backend.jvm.JvmIrCodegenFactory.generateModuleInFrontendIRMode(JvmIrCodegenFactory.kt:433)
	at org.jetbrains.kotlin.cli.jvm.compiler.pipeline.JvmCompilerPipelineKt.generateCodeFromIr(jvmCompilerPipeline.kt:241)
	at org.jetbrains.kotlin.cli.jvm.compiler.pipeline.JvmCompilerPipelineKt.compileModulesUsingFrontendIrAndLightTree(jvmCompilerPipeline.kt:140)
	at org.jetbrains.kotlin.cli.jvm.K2JVMCompiler.doExecute(K2JVMCompiler.kt:155)
	at org.jetbrains.kotlin.cli.jvm.K2JVMCompiler.doExecute(K2JVMCompiler.kt:50)
	at org.jetbrains.kotlin.cli.common.CLICompiler.execImpl(CLICompiler.kt:104)
	at org.jetbrains.kotlin.cli.common.CLICompiler.execImpl(CLICompiler.kt:48)
	at org.jetbrains.kotlin.cli.common.CLITool.exec(CLITool.kt:101)
	at org.jetbrains.kotlin.incremental.IncrementalJvmCompilerRunner.runCompiler(IncrementalJvmCompilerRunner.kt:453)
	at org.jetbrains.kotlin.incremental.IncrementalJvmCompilerRunner.runCompiler(IncrementalJvmCompilerRunner.kt:62)
	at org.jetbrains.kotlin.incremental.IncrementalCompilerRunner.doCompile(IncrementalCompilerRunner.kt:506)
	at org.jetbrains.kotlin.incremental.IncrementalCompilerRunner.compileImpl(IncrementalCompilerRunner.kt:423)
	at org.jetbrains.kotlin.incremental.IncrementalCompilerRunner.compileNonIncrementally(IncrementalCompilerRunner.kt:301)
	at org.jetbrains.kotlin.incremental.IncrementalCompilerRunner.compile(IncrementalCompilerRunner.kt:129)
	at org.jetbrains.kotlin.daemon.CompileServiceImplBase.execIncrementalCompiler(CompileServiceImpl.kt:676)
	at org.jetbrains.kotlin.daemon.CompileServiceImplBase.access$execIncrementalCompiler(CompileServiceImpl.kt:92)
	at org.jetbrains.kotlin.daemon.CompileServiceImpl.compile(CompileServiceImpl.kt:1661)
	at java.base/jdk.internal.reflect.DirectMethodHandleAccessor.invoke(Unknown Source)
	at java.base/java.lang.reflect.Method.invoke(Unknown Source)
	at java.rmi/sun.rmi.server.UnicastServerRef.dispatch(Unknown Source)
	at java.rmi/sun.rmi.transport.Transport$1.run(Unknown Source)
	at java.rmi/sun.rmi.transport.Transport$1.run(Unknown Source)
	at java.base/java.security.AccessController.doPrivileged(Unknown Source)
	at java.rmi/sun.rmi.transport.Transport.serviceCall(Unknown Source)
	at java.rmi/sun.rmi.transport.tcp.TCPTransport.handleMessages(Unknown Source)
	at java.rmi/sun.rmi.transport.tcp.TCPTransport$ConnectionHandler.run0(Unknown Source)
	at java.rmi/sun.rmi.transport.tcp.TCPTransport$ConnectionHandler.lambda$run$0(Unknown Source)
	at java.base/java.security.AccessController.doPrivileged(Unknown Source)
	at java.rmi/sun.rmi.transport.tcp.TCPTransport$ConnectionHandler.run(Unknown Source)
	at java.base/java.util.concurrent.ThreadPoolExecutor.runWorker(Unknown Source)
	at java.base/java.util.concurrent.ThreadPoolExecutor$Worker.run(Unknown Source)
	at java.base/java.lang.Thread.run(Unknown Source)
Caused by: java.lang.RuntimeException: Exception while generating code for:
FUN name:Main visibility:public modality:FINAL <> (context:android.content.Context) returnType:kotlin.Unit
  annotations:
    Composable
  VALUE_PARAMETER name:context index:0 type:android.content.Context
  BLOCK_BODY
    VAR name:mainViewModel type:com.example.presentation.presentation.MainViewModel [val]
      TYPE_OP type=com.example.presentation.presentation.MainViewModel origin=IMPLICIT_CAST typeOperand=com.example.presentation.presentation.MainViewModel
        CALL 'public final fun koinViewModel$default <T> (qualifier: org.koin.core.qualifier.Qualifier?, viewModelStoreOwner: androidx.lifecycle.ViewModelStoreOwner?, key: kotlin.String?, extras: androidx.lifecycle.viewmodel.CreationExtras?, scope: org.koin.core.scope.Scope?, parameters: kotlin.Function0<org.koin.core.parameter.ParametersHolder>?, $mask0: kotlin.Int, $handler: kotlin.Any?): T of org.koin.androidx.compose.ViewModelKt.koinViewModel$default [inline] declared in org.koin.androidx.compose.ViewModelKt' type=T of org.koin.androidx.compose.ViewModelKt.koinViewModel$default origin=DEFAULT_DISPATCH_CALL
          <T>: com.example.presentation.presentation.MainViewModel
          qualifier: COMPOSITE type=org.koin.core.qualifier.Qualifier? origin=DEFAULT_VALUE
            CONST Null type=org.koin.core.qualifier.Qualifier? value=null
          viewModelStoreOwner: COMPOSITE type=androidx.lifecycle.ViewModelStoreOwner? origin=DEFAULT_VALUE
            CONST Null type=androidx.lifecycle.ViewModelStoreOwner? value=null
          key: COMPOSITE type=kotlin.String? origin=DEFAULT_VALUE
            CONST Null type=kotlin.String? value=null
          extras: COMPOSITE type=androidx.lifecycle.viewmodel.CreationExtras? origin=DEFAULT_VALUE
            CONST Null type=androidx.lifecycle.viewmodel.CreationExtras? value=null
          scope: COMPOSITE type=org.koin.core.scope.Scope? origin=DEFAULT_VALUE
            CONST Null type=org.koin.core.scope.Scope? value=null
          parameters: COMPOSITE type=kotlin.Function0<org.koin.core.parameter.ParametersHolder>? origin=DEFAULT_VALUE
            CONST Null type=kotlin.Function0<org.koin.core.parameter.ParametersHolder>? value=null
          $mask0: CONST Int type=kotlin.Int value=63
          $handler: CONST Null type=kotlin.Any? value=null
    VAR name:controller type:androidx.navigation.NavHostController [val]
      CALL 'public final fun rememberNavController (vararg navigators: androidx.navigation.Navigator<out androidx.navigation.NavDestination>): androidx.navigation.NavHostController declared in androidx.navigation.compose.NavHostControllerKt' type=androidx.navigation.NavHostController origin=null
        navigators: CALL 'public final fun arrayOfNulls <T> (size: kotlin.Int): kotlin.Array<T of kotlin.arrayOfNulls?> declared in kotlin' type=kotlin.Array<out androidx.navigation.Navigator<out androidx.navigation.NavDestination>> origin=null
          <T>: androidx.navigation.Navigator<out androidx.navigation.NavDestination>
          size: CONST Int type=kotlin.Int value=0
    CALL 'public final fun NoteTheme$default (darkTheme: kotlin.Boolean, dynamicColor: kotlin.Boolean, content: @[Composable] kotlin.Function0<kotlin.Unit>, $mask0: kotlin.Int, $handler: kotlin.Any?): kotlin.Unit declared in com.example.presentation.presentation.theme.ThemeKt' type=kotlin.Unit origin=DEFAULT_DISPATCH_CALL
      darkTheme: COMPOSITE type=kotlin.Boolean origin=DEFAULT_VALUE
        CONST Boolean type=kotlin.Boolean value=false
      dynamicColor: COMPOSITE type=kotlin.Boolean origin=DEFAULT_VALUE
        CONST Boolean type=kotlin.Boolean value=false
      content: BLOCK type=kotlin.Function0<kotlin.Unit> origin=LAMBDA
        COMPOSITE type=kotlin.Unit origin=null
        CALL 'public final fun <jvm-indy> <T> (dynamicCall: T of kotlin.jvm.internal.<jvm-indy>, bootstrapMethodHandle: kotlin.Any, vararg bootstrapMethodArguments: kotlin.Any): T of kotlin.jvm.internal.<jvm-indy> declared in kotlin.jvm.internal' type=kotlin.Function0<kotlin.Unit> origin=null
          <T>: kotlin.Function0<kotlin.Unit>
          dynamicCall: CALL 'public final fun invoke (p0: com.example.presentation.presentation.MainViewModel, p1: androidx.navigation.NavHostController): kotlin.Function0<kotlin.Unit> declared in kotlin.jvm.internal.invokeDynamic' type=kotlin.Function0<kotlin.Unit> origin=null
            p0: GET_VAR 'val mainViewModel: com.example.presentation.presentation.MainViewModel [val] declared in com.example.presentation.presentation.MainActivityKt.Main' type=com.example.presentation.presentation.MainViewModel origin=null
            p1: GET_VAR 'val controller: androidx.navigation.NavHostController [val] declared in com.example.presentation.presentation.MainActivityKt.Main' type=androidx.navigation.NavHostController origin=null
          bootstrapMethodHandle: CALL 'public final fun <jvm-method-handle> (tag: kotlin.Int, owner: kotlin.String, name: kotlin.String, descriptor: kotlin.String, isInterface: kotlin.Boolean): kotlin.Any declared in kotlin.jvm.internal' type=kotlin.Any origin=null
            tag: CONST Int type=kotlin.Int value=6
            owner: CONST String type=kotlin.String value="java/lang/invoke/LambdaMetafactory"
            name: CONST String type=kotlin.String value="metafactory"
            descriptor: CONST String type=kotlin.String value="(Ljava/lang/invoke/MethodHandles$Lookup;Ljava/lang/String;Ljava/lang/invoke/MethodType;Ljava/lang/invoke/MethodType;Ljava/lang/invoke/MethodHandle;Ljava/lang/invoke/MethodType;)Ljava/lang/invoke/CallSite;"
            isInterface: CONST Boolean type=kotlin.Boolean value=false
          bootstrapMethodArguments: VARARG type=kotlin.Array<kotlin.Any> varargElementType=kotlin.Any
            CALL 'public final fun <jvm-original-method-type> (method: kotlin.Any): kotlin.Any declared in kotlin.jvm.internal' type=kotlin.Any origin=null
              method: RAW_FUNCTION_REFERENCE 'public abstract fun invoke (): R of kotlin.Function0 [operator] declared in kotlin.Function0' type=kotlin.Any
            RAW_FUNCTION_REFERENCE 'private final fun Main$lambda$1 ($mainViewModel: com.example.presentation.presentation.MainViewModel, $controller: androidx.navigation.NavHostController): kotlin.Unit? declared in com.example.presentation.presentation.MainActivityKt' type=kotlin.Any
            CALL 'public final fun <jvm-original-method-type> (method: kotlin.Any): kotlin.Any declared in kotlin.jvm.internal' type=kotlin.Any origin=null
              method: RAW_FUNCTION_REFERENCE 'public abstract fun invoke (): kotlin.Unit? [fake_override,operator] declared in kotlin.jvm.internal.invokeDynamic.<fake>' type=kotlin.Any
      $mask0: CONST Int type=kotlin.Int value=3
      $handler: CONST Null type=kotlin.Any? value=null

	at org.jetbrains.kotlin.backend.jvm.codegen.FunctionCodegen.generate(FunctionCodegen.kt:50)
	at org.jetbrains.kotlin.backend.jvm.codegen.FunctionCodegen.generate$default(FunctionCodegen.kt:42)
	at org.jetbrains.kotlin.backend.jvm.codegen.ClassCodegen.generateMethodNode(ClassCodegen.kt:385)
	at org.jetbrains.kotlin.backend.jvm.codegen.ClassCodegen.generateMethod(ClassCodegen.kt:402)
	at org.jetbrains.kotlin.backend.jvm.codegen.ClassCodegen.generate(ClassCodegen.kt:169)
	at org.jetbrains.kotlin.backend.jvm.FileCodegen.lower(JvmPhases.kt:41)
	at org.jetbrains.kotlin.backend.common.phaser.PhaseBuildersKt.makeIrFilePhase$lambda$5(PhaseBuilders.kt:114)
	at org.jetbrains.kotlin.backend.common.phaser.PhaseBuildersKt$createSimpleNamedCompilerPhase$1.phaseBody(PhaseBuilders.kt:71)
	at org.jetbrains.kotlin.backend.common.phaser.SimpleNamedCompilerPhase.phaseBody(CompilerPhase.kt:226)
	at org.jetbrains.kotlin.backend.common.phaser.AbstractNamedCompilerPhase.invoke(CompilerPhase.kt:113)
	at org.jetbrains.kotlin.backend.common.phaser.PerformByIrFilePhase.invokeSequential(performByIrFile.kt:62)
	... 43 more
Caused by: org.jetbrains.kotlin.codegen.CompilationException: Back-end (JVM) Internal error: Couldn't inline method call: CALL 'public final fun koinViewModel$default <T> (qualifier: org.koin.core.qualifier.Qualifier?, viewModelStoreOwner: androidx.lifecycle.ViewModelStoreOwner?, key: kotlin.String?, extras: androidx.lifecycle.viewmodel.CreationExtras?, scope: org.koin.core.scope.Scope?, parameters: kotlin.Function0<org.koin.core.parameter.ParametersHolder>?, $mask0: kotlin.Int, $handler: kotlin.Any?): T of org.koin.androidx.compose.ViewModelKt.koinViewModel$default [inline] declared in org.koin.androidx.compose.ViewModelKt' type=T of org.koin.androidx.compose.ViewModelKt.koinViewModel$default origin=DEFAULT_DISPATCH_CALL
Method: null
File is unknown
The root cause java.lang.IllegalStateException was thrown at: org.jetbrains.kotlin.codegen.inline.SourceCompilerForInlineKt.getMethodNode(SourceCompilerForInline.kt:118)
	at org.jetbrains.kotlin.codegen.inline.InlineCodegen.performInline(InlineCodegen.kt:65)
	at org.jetbrains.kotlin.backend.jvm.codegen.IrInlineCodegen.genInlineCall(IrInlineCodegen.kt:162)
	at org.jetbrains.kotlin.backend.jvm.codegen.IrInlineCallGenerator.genCall(IrInlineCallGenerator.kt:36)
	at org.jetbrains.kotlin.backend.jvm.codegen.ExpressionCodegen.visitCall(ExpressionCodegen.kt:647)
	at org.jetbrains.kotlin.backend.jvm.codegen.ExpressionCodegen.visitCall(ExpressionCodegen.kt:137)
	at org.jetbrains.kotlin.ir.expressions.IrCall.accept(IrCall.kt:24)
	at org.jetbrains.kotlin.backend.jvm.codegen.ExpressionCodegen.visitTypeOperator(ExpressionCodegen.kt:1121)
	at org.jetbrains.kotlin.backend.jvm.codegen.ExpressionCodegen.visitTypeOperator(ExpressionCodegen.kt:137)
	at org.jetbrains.kotlin.ir.expressions.IrTypeOperatorCall.accept(IrTypeOperatorCall.kt:26)
	at org.jetbrains.kotlin.backend.jvm.codegen.ExpressionCodegen.visitVariable(ExpressionCodegen.kt:784)
	at org.jetbrains.kotlin.backend.jvm.codegen.ExpressionCodegen.visitVariable(ExpressionCodegen.kt:137)
	at org.jetbrains.kotlin.ir.declarations.IrVariable.accept(IrVariable.kt:36)
	at org.jetbrains.kotlin.backend.jvm.codegen.ExpressionCodegen.visitStatementContainer(ExpressionCodegen.kt:573)
	at org.jetbrains.kotlin.backend.jvm.codegen.ExpressionCodegen.visitBlockBody(ExpressionCodegen.kt:578)
	at org.jetbrains.kotlin.backend.jvm.codegen.ExpressionCodegen.visitBlockBody(ExpressionCodegen.kt:137)
	at org.jetbrains.kotlin.ir.expressions.IrBlockBody.accept(IrBlockBody.kt:20)
	at org.jetbrains.kotlin.backend.jvm.codegen.ExpressionCodegen.generate(ExpressionCodegen.kt:239)
	at org.jetbrains.kotlin.backend.jvm.codegen.FunctionCodegen.doGenerate(FunctionCodegen.kt:121)
	at org.jetbrains.kotlin.backend.jvm.codegen.FunctionCodegen.generate(FunctionCodegen.kt:46)
	... 53 more
Caused by: java.lang.IllegalStateException: couldn't find inline method Lorg/koin/androidx/compose/ViewModelKt;.koinViewModel$default(Lorg/koin/core/qualifier/Qualifier;Landroidx/lifecycle/ViewModelStoreOwner;Ljava/lang/String;Landroidx/lifecycle/viewmodel/CreationExtras;Lorg/koin/core/scope/Scope;Lkotlin/jvm/functions/Function0;ILjava/lang/Object;)Landroidx/lifecycle/ViewModel;
	at org.jetbrains.kotlin.codegen.inline.SourceCompilerForInlineKt.getMethodNode(SourceCompilerForInline.kt:118)
	at org.jetbrains.kotlin.codegen.inline.SourceCompilerForInlineKt.loadCompiledInlineFunction(SourceCompilerForInline.kt:96)
	at org.jetbrains.kotlin.backend.jvm.codegen.IrSourceCompilerForInline.compileInlineFunction(IrSourceCompilerForInline.kt:91)
	at org.jetbrains.kotlin.codegen.inline.InlineCodegen.compileInline(InlineCodegen.kt:43)
	at org.jetbrains.kotlin.codegen.inline.InlineCodegen.performInline(InlineCodegen.kt:51)
	... 71 more


